2025-12-13 13:44:01.406878 - User: Anonymous - Path: /api/messages/
2025-12-13 13:44:02.779966 - User: Anonymous - Path: /api/messages/
2025-12-13 13:44:03.298579 - User: Anonymous - Path: /api/messages/
2025-12-13 13:44:04.110809 - User: Anonymous - Path: /api/messages/
2025-12-13 13:44:07.863239 - User: Anonymous - Path: /api/messages/
2025-12-13 13:44:08.072134 - User: Anonymous - Path: /api/conversations/
2025-12-13 13:44:08.267149 - User: Anonymous - Path: /api/messages/
2025-12-13 14:01:55.367767 - User: Anonymous - Path: /api/messages/
2025-12-13 14:01:58.149287 - User: Anonymous - Path: /api/messages/
2025-12-13 14:01:59.083846 - User: Anonymous - Path: /api/messages/
2025-12-13 14:02:02.330228 - User: Anonymous - Path: /api/conversations/
2025-12-13 14:13:14.795121 - User: Anonymous - Path: /admin
2025-12-13 14:13:14.811720 - User: Anonymous - Path: /admin/
2025-12-13 14:13:14.834499 - User: Anonymous - Path: /admin/login/
2025-12-13 14:13:27.686911 - User: Anonymous - Path: /admin/login/
2025-12-13 14:13:51.321702 - User: Anonymous - Path: /admin/login/
2025-12-13 14:17:03.128468 - User: Anonymous - Path: /admin/login/
2025-12-13 14:17:03.819861 - User: joelmagana15@gmail.com - Path: /admin/
2025-12-13 14:17:22.152759 - User: joelmagana15@gmail.com - Path: /uniform/
2025-12-13 14:17:23.398935 - User: joelmagana15@gmail.com - Path: /customer/2/
2025-12-13 14:17:42.691587 - User: joelmagana15@gmail.com - Path: /api/messages/
2025-12-13 14:17:44.713298 - User: joelmagana15@gmail.com - Path: /api/messages/
2025-12-13 14:17:48.049096 - User: joelmagana15@gmail.com - Path: /api/messages/
2025-12-13 14:17:52.839058 - User: joelmagana15@gmail.com - Path: /api/messages/
2025-12-13 14:31:58.660524 - User: joelmagana15@gmail.com - Path: /admin/
2025-12-13 14:32:02.905033 - User: joelmagana15@gmail.com - Path: /admin/auth/group/
2025-12-13 14:32:02.990267 - User: joelmagana15@gmail.com - Path: /admin/jsi18n/
2025-12-13 14:32:06.688613 - User: joelmagana15@gmail.com - Path: /admin/
2025-12-13 14:32:10.077293 - User: joelmagana15@gmail.com - Path: /admin/authtoken/
2025-12-13 14:32:13.743458 - User: joelmagana15@gmail.com - Path: /admin/
2025-12-13 14:32:20.168437 - User: joelmagana15@gmail.com - Path: /
2025-12-13 14:32:54.531231 - User: joelmagana15@gmail.com - Path: /api/messages/
2025-12-13 14:33:16.761688 - User: joelmagana15@gmail.com - Path: /api/messages/
2025-12-13 14:33:25.173209 - User: joelmagana15@gmail.com - Path: /admin/
2025-12-13 14:33:34.191498 - User: joelmagana15@gmail.com - Path: /admin/password_change/
2025-12-13 14:33:42.708266 - User: joelmagana15@gmail.com - Path: /admin/logout/
2025-12-13 14:33:46.046512 - User: Anonymous - Path: /admin/
2025-12-13 14:33:46.055126 - User: Anonymous - Path: /admin/login/
2025-12-13 14:34:21.311993 - User: Anonymous - Path: /admin/login/
2025-12-13 14:35:07.391969 - User: Anonymous - Path: /admin/login/
2025-12-13 14:35:27.321971 - User: Anonymous - Path: /admin
2025-12-13 14:35:27.335758 - User: Anonymous - Path: /admin/
2025-12-13 14:35:27.343258 - User: Anonymous - Path: /admin/login/
2025-12-13 14:35:57.021351 - User: Anonymous - Path: /admin/login/
2025-12-13 14:36:12.366484 - User: Anonymous - Path: /admin/login/
2025-12-13 14:37:49.964718 - User: Anonymous - Path: /admin/login/
2025-12-13 14:37:50.670930 - User: joelmagana15@gmail.com - Path: /admin/
2025-12-13 14:38:02.533704 - User: joelmagana15@gmail.com - Path: /admin/
2025-12-13 14:38:09.607035 - User: joelmagana15@gmail.com - Path: /admin/auth/
2025-12-13 14:38:13.257411 - User: joelmagana15@gmail.com - Path: /admin/auth/group/add/
2025-12-13 14:38:13.344676 - User: joelmagana15@gmail.com - Path: /admin/jsi18n/
2025-12-13 14:38:18.635397 - User: joelmagana15@gmail.com - Path: /admin/auth/
2025-12-13 14:45:31.836814 - User: joelmagana15@gmail.com - Path: /admin/logout/
2025-12-13 14:45:34.442043 - User: Anonymous - Path: /admin/
2025-12-13 14:45:34.450722 - User: Anonymous - Path: /admin/login/
2025-12-13 14:46:03.388696 - User: Anonymous - Path: /admin/login/
2025-12-13 14:46:26.084533 - User: Anonymous - Path: /admin/login/
2025-12-13 14:46:46.991377 - User: Anonymous - Path: /api/admin
2025-12-13 14:47:08.742056 - User: Anonymous - Path: /admin
2025-12-13 14:47:08.755032 - User: Anonymous - Path: /admin/
2025-12-13 14:47:08.764555 - User: Anonymous - Path: /admin/login/
2025-12-13 14:55:14.541965 - User: Anonymous - Path: /admin/login/
2025-12-13 14:55:20.433975 - User: Anonymous - Path: /admin/login/
2025-12-13 14:55:28.566392 - User: Anonymous - Path: /
2025-12-13 14:55:32.830195 - User: Anonymous - Path: /
2025-12-13 14:56:04.795591 - User: Anonymous - Path: /api/messages/
2025-12-13 14:56:13.189637 - User: Anonymous - Path: /api/messages/
2025-12-13 14:56:17.944268 - User: Anonymous - Path: /api/
